<?xml version="1.0" encoding="UTF-8"?>
<testng-results ignored="0" total="1" passed="1" failed="0" skipped="0">
  <reporter-output>
  </reporter-output>
  <suite started-at="2024-08-09T15:42:22 IST" name="Suite" finished-at="2024-08-09T15:42:22 IST" duration-ms="44">
    <groups>
    </groups>
    <test started-at="2024-08-09T15:42:22 IST" name="testing" finished-at="2024-08-09T15:42:22 IST" duration-ms="44">
      <class name="testing.Practice">
        <test-method signature="testing()[pri:0, instance:testing.Practice@21282ed8]" started-at="2024-08-09T15:42:22 IST" name="testing" finished-at="2024-08-09T15:42:22 IST" duration-ms="11" status="PASS">
          <reporter-output>
          </reporter-output>
        </test-method> <!-- testing -->
      </class> <!-- testing.Practice -->
    </test> <!-- testing -->
  </suite> <!-- Suite -->
</testng-results>
